<?xml version="1.0" encoding="utf-8"?><testsuites name="pytest tests"><testsuite name="pytest" errors="0" failures="0" skipped="0" tests="20" time="21.624" timestamp="2026-06-05T19:16:23.111967+08:00" hostname="LAPTOP-SQGTF1DR"><testcase classname="tests.test_anomaly_detect" name="test_compute_anomaly_assessment_uses_three_sigma_levels" time="0.001" /><testcase classname="tests.test_anomaly_detect" name="test_rerank_candidates_by_dtw_prefers_closest_curve" time="0.001" /><testcase classname="tests.test_anomaly_detect" name="test_query_typhoon_events_filters_by_time_and_space" time="0.025" /><testcase classname="tests.test_anomaly_detect" name="test_run_detect_links_demo_typhoon_event" time="0.005" /><testcase classname="tests.test_eddy_physics" name="test_relative_vorticity_and_okubo_weiss_are_finite" time="0.002" /><testcase classname="tests.test_eddy_physics" name="test_build_physics_stacked_hw7_shape_dtype_and_range" time="0.013" /><testcase classname="tests.test_eddy_physics" name="test_build_physics_stacked_hw6_no_ow_is_six_channels" time="0.002" /><testcase classname="tests.test_eddy_physics" name="test_ablation_profiles_shapes" time="0.004" /><testcase classname="tests.test_eddy_physics" name="test_build_physics_stacked_hw8_shape_dtype_and_range" time="0.024" /><testcase classname="tests.test_paper_system_api" name="test_T1_preprocess_meta_probe" time="1.441" /><testcase classname="tests.test_paper_system_api" name="test_T2_preprocess_subset_roi" time="0.743" /><testcase classname="tests.test_paper_system_api" name="test_T3_eddy_preview_frame" time="4.610" /><testcase classname="tests.test_paper_system_api" name="test_T4_eddy_dual_mp4_staged_job" time="4.545" /><testcase classname="tests.test_paper_system_api" name="test_T5_windwave_forecast" time="1.091" /><testcase classname="tests.test_paper_system_api" name="test_T6_report_save_and_history" time="1.111" /><testcase classname="tests.test_paper_system_api" name="test_T7_async_job_windwave_forecast" time="1.624" /><testcase classname="tests.test_paper_system_api" name="test_T8_realtime_connector_status" time="0.018" /><testcase classname="tests.test_web_api_functional" name="test_health_and_eddy_ping_endpoints" time="0.138" /><testcase classname="tests.test_web_api_functional" name="test_typhoon_kb_status_and_query" time="0.019" /><testcase classname="tests.test_web_api_functional" name="test_windwave_offline_report_endpoint_uses_demo_netcdf" time="1.050" /></testsuite></testsuites>