<?xml version="1.0" encoding="utf-8"?><testsuites name="pytest tests"><testsuite name="pytest" errors="0" failures="0" skipped="0" tests="8" time="19.756" timestamp="2026-06-05T20:50:40.947823+08:00" hostname="LAPTOP-SQGTF1DR"><testcase classname="tests.test_paper_system_api" name="test_T1_preprocess_meta_probe" time="2.260" /><testcase classname="tests.test_paper_system_api" name="test_T2_preprocess_subset_roi" time="0.613" /><testcase classname="tests.test_paper_system_api" name="test_T3_eddy_preview_frame" time="3.824" /><testcase classname="tests.test_paper_system_api" name="test_T4_eddy_dual_mp4_staged_job" time="4.530" /><testcase classname="tests.test_paper_system_api" name="test_T5_windwave_forecast" time="1.060" /><testcase classname="tests.test_paper_system_api" name="test_T6_report_save_and_history" time="1.085" /><testcase classname="tests.test_paper_system_api" name="test_T7_async_job_windwave_forecast" time="1.623" /><testcase classname="tests.test_paper_system_api" name="test_T8_realtime_connector_status" time="0.016" /></testsuite></testsuites>